WARNING:absl:No GPU/TPU found, falling back to CPU. (Set TF_CPP_MIN_LOG_LEVEL=0 and rerun for more info.)
{'body': 'l', 'body_name': 'lefthand', 'augment': True, 'taps_per_window': 20, 'num_states': 8, 'num_ar_iters': 50, 'num_full_iters': 500, 'ids': [1, 10, 11, 12, 13, 14, 15, 2, 3, 4, 5, 6, 7, 8, 9], 'thresh': 2, 'multiclass': False, 'class_models': ['xgboost', 'logistic'], 'plot_grouped_freq': True, 'plot_bars': True, 'num_keypoints': 21, 'ar_only_kappa': 1000.0, 'full_model_kappa': 100.0, 'num_windows': 12, 'forward_indices': [0, 2, 17], 'target_direction': [1, 0, 0], 'config_path': 'training/hand_config.yml', 'combine': False}
getting augmented data
subject 1 has an augmentation of 12 segments
subject 10 has an augmentation of 12 segments
subject 11 has an augmentation of 12 segments
subject 12 has an augmentation of 12 segments
subject 13 has an augmentation of 12 segments
subject 14 has an augmentation of 12 segments
subject 15 has an augmentation of 12 segments
subject 2 has an augmentation of 12 segments
subject 3 has an augmentation of 12 segments
subject 4 has an augmentation of 12 segments
subject 5 has an augmentation of 12 segments
subject 6 has an augmentation of 12 segments
subject 7 has an augmentation of 12 segments
subject 8 has an augmentation of 12 segments
subject 9 has an augmentation of 12 segments
entered function
Writing grid movies to training/outputs/2.model_ensembles/lefthand/MODEL-5/grid_movies
obtained index df
got 8 instances
{0: [('sub10.3', 81, 88), ('sub4.0', 107, 111), ('sub12.0', 0, 5), ('sub5.5', 55, 57), ('sub13.10', 199, 201), ('sub10.1', 36, 37), ('sub10.7', 277, 278), ('sub10.5', 161, 172), ('sub6.5', 0, 5), ('sub15.8', 59, 63), ('sub13.4', 122, 123), ('sub4.3', 0, 6)], 1: [('sub10.0', 32, 42), ('sub11.3', 147, 152), ('sub10.4', 166, 179), ('sub13.0', 188, 189), ('sub11.9', 5, 7), ('sub10.3', 74, 76), ('sub13.8', 68, 73), ('sub13.11', 228, 231), ('sub13.5', 115, 116), ('sub4.2', 47, 48), ('sub14.11', 110, 123), ('sub10.5', 281, 289)], 2: [('sub10.0', 71, 77), ('sub13.10', 112, 122), ('sub13.8', 191, 214), ('sub8.8', 134, 140), ('sub5.5', 26, 49), ('sub15.6', 116, 140), ('sub13.4', 5, 77), ('sub13.10', 81, 97), ('sub10.9', 106, 107), ('sub13.2', 61, 72), ('sub6.5', 217, 224), ('sub5.3', 79, 104)], 3: [('sub15.11', 5, 14), ('sub11.11', 26, 32), ('sub4.4', 5, 239), ('sub11.11', 63, 96), ('sub10.10', 5, 74), ('sub10.4', 145, 152), ('sub10.2', 171, 181), ('sub12.11', 7, 297), ('sub12.1', 5, 193), ('sub10.11', 64, 133), ('sub12.5', 5, 89), ('sub6.1', 15, 23)], 4: [('sub10.2', 221, 222), ('sub10.9', 71, 72), ('sub10.8', 24, 25), ('sub10.6', 158, 159), ('sub10.2', 121, 122), ('sub4.2', 164, 165), ('sub10.8', 102, 103), ('sub10.9', 9, 10), ('sub4.11', 205, 206), ('sub10.1', 35, 36), ('sub10.1', 23, 24), ('sub10.8', 133, 134)], 5: [('sub2.9', 281, 345), ('sub2.10', 83, 146), ('sub15.11', 60, 67), ('sub2.11', 116, 141), ('sub2.4', 5, 68), ('sub3.9', 9, 68), ('sub2.10', 249, 300), ('sub2.6', 5, 359), ('sub2.11', 7, 43), ('sub2.3', 25, 51), ('sub3.0', 6, 234), ('sub2.2', 279, 361)], 6: [('sub6.0', 5, 260), ('sub13.1', 99, 105), ('sub6.8', 7, 245), ('sub3.2', 38, 93), ('sub1.4', 6, 207), ('sub1.9', 5, 204), ('sub9.3', 5, 112), ('sub14.3', 5, 189), ('sub6.11', 9, 268), ('sub9.2', 5, 180), ('sub9.5', 5, 246), ('sub14.11', 90, 106)], 7: [('sub14.9', 111, 196), ('sub7.1', 5, 248), ('sub3.4', 8, 157), ('sub3.2', 8, 38), ('sub4.6', 5, 169), ('sub7.9', 6, 219), ('sub7.8', 5, 242), ('sub7.7', 5, 218), ('sub3.3', 145, 165), ('sub11.10', 5, 32), ('sub7.4', 5, 224), ('sub3.6', 5, 229)]}
Using window size of 112 pixels
Generating grid movies:   0%|                     | 0/8 [00:00<?, ?it/s]Generating grid movies: 100%|███████████| 8/8 [00:00<00:00, 2517.02it/s]
Writing labeled movies to training/outputs/2.model_ensembles/lefthand/MODEL-5/labeled_movies
obtained index df
  0%|          | 0/2 [00:00<?, ?it/s][swscaler @ 0x6039f00] Warning: data is not aligned! This can lead to a speed loss
 50%|█████     | 1/2 [00:01<00:01,  1.76s/it][swscaler @ 0x7204f00] Warning: data is not aligned! This can lead to a speed loss
100%|██████████| 2/2 [00:03<00:00,  1.51s/it]100%|██████████| 2/2 [00:03<00:00,  1.55s/it]
[-24.0574787   86.50689598]
[ 7.6776478  89.15256797]
Saving trajectory plots to training/outputs/2.model_ensembles/lefthand/MODEL-5/trajectory_plots
Generating trajectory plots:   0%|                | 0/6 [00:00<?, ?it/s]Generating trajectory plots:  17%|█▎      | 1/6 [00:03<00:15,  3.19s/it]Generating trajectory plots:  33%|██▋     | 2/6 [00:05<00:10,  2.70s/it]Generating trajectory plots:  50%|████    | 3/6 [00:08<00:08,  2.80s/it]Generating trajectory plots:  67%|█████▎  | 4/6 [00:10<00:05,  2.66s/it]Generating trajectory plots:  83%|██████▋ | 5/6 [00:13<00:02,  2.70s/it]Generating trajectory plots: 100%|████████| 6/6 [00:16<00:00,  2.62s/it]Generating trajectory plots: 100%|████████| 6/6 [00:16<00:00,  2.69s/it]
Saved interactive trajectories plot to training/outputs/2.model_ensembles/lefthand/MODEL-5/trajectory_plots/all_trajectories.html
{'text/html': '<iframe\n    scrolling="no"\n    width="100%"\n    height="520"\n    src="iframe_figures/figure_0.html"\n    frameborder="0"\n    allowfullscreen\n></iframe>\n'}
computing moseq_df
moseq df saved to  training/outputs/2.model_ensembles/lefthand
computing stats_df
stats df saved to  training/outputs/2.model_ensembles/lefthand
create transition matrices...
Group(s): HT, PD
Saved figure to training/outputs/2.model_ensembles/lefthand/MODEL-5/figures/transition_matrices.png
