WARNING:absl:No GPU/TPU found, falling back to CPU. (Set TF_CPP_MIN_LOG_LEVEL=0 and rerun for more info.)
{'body': 'l', 'body_name': 'lefthand', 'augment': True, 'taps_per_window': 20, 'num_states': 8, 'num_ar_iters': 50, 'num_full_iters': 500, 'ids': [1, 10, 11, 12, 13, 14, 15, 2, 3, 4, 5, 6, 7, 8, 9], 'thresh': 2, 'multiclass': False, 'class_models': ['xgboost', 'logistic'], 'plot_grouped_freq': True, 'plot_bars': True, 'num_keypoints': 21, 'ar_only_kappa': 1000.0, 'full_model_kappa': 100.0, 'num_windows': 12, 'forward_indices': [0, 2, 17], 'target_direction': [1, 0, 0], 'config_path': 'training/hand_config.yml', 'combine': False}
getting augmented data
subject 1 has an augmentation of 12 segments
subject 10 has an augmentation of 12 segments
subject 11 has an augmentation of 12 segments
subject 12 has an augmentation of 12 segments
subject 13 has an augmentation of 12 segments
subject 14 has an augmentation of 12 segments
subject 15 has an augmentation of 12 segments
subject 2 has an augmentation of 12 segments
subject 3 has an augmentation of 12 segments
subject 4 has an augmentation of 12 segments
subject 5 has an augmentation of 12 segments
subject 6 has an augmentation of 12 segments
subject 7 has an augmentation of 12 segments
subject 8 has an augmentation of 12 segments
subject 9 has an augmentation of 12 segments
entered function
Writing grid movies to training/outputs/2.model_ensembles/lefthand/MODEL-5/grid_movies
obtained index df
got 8 instances
{0: [('sub10.3', 81, 88), ('sub4.0', 107, 111), ('sub12.0', 0, 5), ('sub5.5', 55, 57), ('sub13.10', 199, 201), ('sub10.1', 36, 37), ('sub10.7', 277, 278), ('sub10.5', 161, 172), ('sub6.5', 0, 5), ('sub15.8', 59, 63), ('sub13.4', 122, 123), ('sub4.3', 0, 6)], 1: [('sub10.0', 32, 42), ('sub11.3', 147, 152), ('sub10.4', 166, 179), ('sub13.0', 188, 189), ('sub11.9', 5, 7), ('sub10.3', 74, 76), ('sub13.8', 68, 73), ('sub13.11', 228, 231), ('sub13.5', 115, 116), ('sub4.2', 47, 48), ('sub14.11', 110, 123), ('sub10.5', 281, 289)], 2: [('sub10.0', 71, 77), ('sub13.10', 112, 122), ('sub13.8', 191, 214), ('sub8.8', 134, 140), ('sub5.5', 26, 49), ('sub15.6', 116, 140), ('sub13.4', 5, 77), ('sub13.10', 81, 97), ('sub10.9', 106, 107), ('sub13.2', 61, 72), ('sub6.5', 217, 224), ('sub5.3', 79, 104)], 3: [('sub15.11', 5, 14), ('sub11.11', 26, 32), ('sub4.4', 5, 239), ('sub11.11', 63, 96), ('sub10.10', 5, 74), ('sub10.4', 145, 152), ('sub10.2', 171, 181), ('sub12.11', 7, 297), ('sub12.1', 5, 193), ('sub10.11', 64, 133), ('sub12.5', 5, 89), ('sub6.1', 15, 23)], 4: [('sub10.2', 221, 222), ('sub10.9', 71, 72), ('sub10.8', 24, 25), ('sub10.6', 158, 159), ('sub10.2', 121, 122), ('sub4.2', 164, 165), ('sub10.8', 102, 103), ('sub10.9', 9, 10), ('sub4.11', 205, 206), ('sub10.1', 35, 36), ('sub10.1', 23, 24), ('sub10.8', 133, 134)], 5: [('sub2.9', 281, 345), ('sub2.10', 83, 146), ('sub15.11', 60, 67), ('sub2.11', 116, 141), ('sub2.4', 5, 68), ('sub3.9', 9, 68), ('sub2.10', 249, 300), ('sub2.6', 5, 359), ('sub2.11', 7, 43), ('sub2.3', 25, 51), ('sub3.0', 6, 234), ('sub2.2', 279, 361)], 6: [('sub6.0', 5, 260), ('sub13.1', 99, 105), ('sub6.8', 7, 245), ('sub3.2', 38, 93), ('sub1.4', 6, 207), ('sub1.9', 5, 204), ('sub9.3', 5, 112), ('sub14.3', 5, 189), ('sub6.11', 9, 268), ('sub9.2', 5, 180), ('sub9.5', 5, 246), ('sub14.11', 90, 106)], 7: [('sub14.9', 111, 196), ('sub7.1', 5, 248), ('sub3.4', 8, 157), ('sub3.2', 8, 38), ('sub4.6', 5, 169), ('sub7.9', 6, 219), ('sub7.8', 5, 242), ('sub7.7', 5, 218), ('sub3.3', 145, 165), ('sub11.10', 5, 32), ('sub7.4', 5, 224), ('sub3.6', 5, 229)]}
Using window size of 224 pixels
Generating grid movies:   0%|                     | 0/8 [00:00<?, ?it/s]Generating grid movies:  12%|█▋           | 1/8 [00:06<00:47,  6.83s/it]Generating grid movies:  25%|███▎         | 2/8 [00:13<00:41,  6.97s/it]Generating grid movies:  38%|████▉        | 3/8 [00:20<00:34,  6.90s/it]Generating grid movies:  50%|██████▌      | 4/8 [00:26<00:26,  6.62s/it]Generating grid movies:  62%|████████▏    | 5/8 [00:32<00:19,  6.42s/it]Generating grid movies:  75%|█████████▊   | 6/8 [00:39<00:12,  6.38s/it]Generating grid movies:  88%|███████████▍ | 7/8 [00:45<00:06,  6.40s/it]Generating grid movies: 100%|█████████████| 8/8 [00:52<00:00,  6.56s/it]Generating grid movies: 100%|█████████████| 8/8 [00:52<00:00,  6.57s/it]
[-11.67141258  88.48518652]
[ -1.79112922 102.58111681]
[ 22.19621785 109.21615638]
[ 6.17474379 93.10669509]
[-19.6143027   81.45628179]
[ 3.69256691 94.06745818]
[ 9.52331073 92.93374764]
[10.08172825 94.89372927]
[ -0.49845051 109.03174315]
[-4.59240791 95.7013377 ]
[-13.78543021  78.02404258]
[ 0.37883029 97.65421248]
[ 9.25661186 91.28349911]
[22.12413634 94.36908272]
[-9.73369548 90.94002041]
[-14.54874719  79.68877372]
[12.85827602 90.7623563 ]
[-11.67141258  88.48518652]
[-19.97502071  79.55590671]
[-16.51489028  78.60172605]
[-14.30744684  83.36202747]
[-0.56024994 99.64608228]
[ 1.05234585 89.56020798]
[10.08172825 94.89372927]
[ 9.25661186 91.28349911]
[-19.6143027   81.45628179]
[-19.97502071  79.55590671]
[-0.14333238 97.11631741]
[ 6.17474379 93.10669509]
[ 0.10545325 93.71734612]
[-13.78543021  78.02404258]
[-19.6143027   81.45628179]
[-3.81223754 92.5148834 ]
[-18.01245742  82.03957445]
[ -0.49845051 109.03174315]
[-0.7142274  89.02896887]
[ -3.1554976  100.28935641]
[12.15052765 90.03526643]
[-0.8700572  96.87905631]
[12.15052765 90.03526643]
[ 7.16306829 95.26211484]
[-9.73369548 90.94002041]
[ 5.01304948 94.01607682]
[ 23.7998771  112.30631338]
[ 15.48541604 105.3700115 ]
[ 8.31996265 95.27933695]
[ 12.69226601 106.36733886]
[  4.16035902 108.56763411]
[ 5.01304948 94.01607682]
[-3.81223754 92.5148834 ]
[-0.22277569 83.66913893]
[ 3.72921698 93.74131563]
[ 5.01304948 94.01607682]
[-0.56024994 99.64608228]
[-0.22277569 83.66913893]
[-3.81223754 92.5148834 ]
[  1.81817147 100.07956644]
[ 3.69256691 94.06745818]
[ 3.69256691 94.06745818]
[-0.22277569 83.66913893]
[26.53962735 94.38290525]
[22.06516063 96.07905511]
[ -3.1554976  100.28935641]
[22.64452708 98.81103786]
[29.42518861 92.66753791]
[ 10.16482133 102.17355394]
[22.06516063 96.07905511]
[24.89073746 95.97115365]
[22.64452708 98.81103786]
[27.16529286 92.93568614]
[ 11.93815525 103.84410402]
[22.84947842 98.08429133]
[ -8.5364715  107.26435715]
[-18.91133243  75.79910117]
[-10.04983183 107.51804018]
[ 21.93682981 100.68073461]
[-22.05466345  90.3314639 ]
[-20.95032823  90.04585826]
[ 7.15754394 87.84067952]
[13.33058553 87.25468739]
[ -8.14192503 111.87545033]
[ 8.68508959 91.9214399 ]
[14.77106996 93.79367346]
[ 1.05234585 89.56020798]
[ 6.22947976 87.11901039]
[ 7.85202344 87.17636102]
[ 10.86013306 102.33442703]
[ 21.93682981 100.68073461]
[ 8.83682379 98.63818005]
[ 8.50780487 88.43597738]
[ 7.87632353 86.25590198]
[ 8.61691271 86.56740206]
[  6.71186167 105.18932974]
[26.99850164 82.5854393 ]
[ 6.80668196 86.96610981]
[ 7.85256666 96.7031568 ]
Writing labeled movies to training/outputs/2.model_ensembles/lefthand/MODEL-5/labeled_movies
obtained index df
  0%|          | 0/2 [00:00<?, ?it/s][swscaler @ 0x6edef00] Warning: data is not aligned! This can lead to a speed loss
 50%|█████     | 1/2 [00:01<00:01,  1.10s/it][swscaler @ 0x71d1f00] Warning: data is not aligned! This can lead to a speed loss
100%|██████████| 2/2 [00:02<00:00,  1.03s/it]100%|██████████| 2/2 [00:02<00:00,  1.04s/it]
[-24.88900312  90.03390161]
[ 7.49138589 96.3201942 ]
